<?xml version="1.0" encoding="UTF-8"?>
<testng-results ignored="0" total="2" passed="2" failed="0" skipped="0">
  <reporter-output>
  </reporter-output>
  <suite started-at="2024-06-10T16:12:36 IST" name="Suite" finished-at="2024-06-10T16:12:36 IST" duration-ms="150">
    <groups>
    </groups>
    <test started-at="2024-06-10T16:12:36 IST" name="Test" finished-at="2024-06-10T16:12:36 IST" duration-ms="150">
      <class name="TestNGPrograms.TestDemo1">
        <test-method signature="TC1()[pri:0, instance:TestNGPrograms.TestDemo1@419c5f1a]" started-at="2024-06-10T16:12:36 IST" name="TC1" finished-at="2024-06-10T16:12:36 IST" duration-ms="3" status="PASS">
          <reporter-output>
          </reporter-output>
        </test-method> <!-- TC1 -->
      </class> <!-- TestNGPrograms.TestDemo1 -->
      <class name="TestNGPrograms.TestNGAannotations">
        <test-method is-config="true" signature="beforeSuite()[pri:0, instance:TestNGPrograms.TestNGAannotations@6fe7aac8]" started-at="2024-06-10T16:12:36 IST" name="beforeSuite" finished-at="2024-06-10T16:12:36 IST" duration-ms="39" status="PASS">
          <reporter-output>
          </reporter-output>
        </test-method> <!-- beforeSuite -->
        <test-method is-config="true" signature="beforeTest()[pri:0, instance:TestNGPrograms.TestNGAannotations@6fe7aac8]" started-at="2024-06-10T16:12:36 IST" name="beforeTest" finished-at="2024-06-10T16:12:36 IST" duration-ms="1" status="PASS">
          <reporter-output>
          </reporter-output>
        </test-method> <!-- beforeTest -->
        <test-method is-config="true" signature="beforeClass()[pri:0, instance:TestNGPrograms.TestNGAannotations@6fe7aac8]" started-at="2024-06-10T16:12:36 IST" name="beforeClass" finished-at="2024-06-10T16:12:36 IST" duration-ms="1" status="PASS">
          <reporter-output>
          </reporter-output>
        </test-method> <!-- beforeClass -->
        <test-method is-config="true" signature="beforeMethod()[pri:0, instance:TestNGPrograms.TestNGAannotations@6fe7aac8]" started-at="2024-06-10T16:12:36 IST" name="beforeMethod" finished-at="2024-06-10T16:12:36 IST" duration-ms="0" status="PASS">
          <reporter-output>
          </reporter-output>
        </test-method> <!-- beforeMethod -->
        <test-method signature="TC1()[pri:0, instance:TestNGPrograms.TestNGAannotations@6fe7aac8]" started-at="2024-06-10T16:12:36 IST" name="TC1" finished-at="2024-06-10T16:12:36 IST" duration-ms="1" status="PASS">
          <reporter-output>
          </reporter-output>
        </test-method> <!-- TC1 -->
        <test-method is-config="true" signature="afterMethod()[pri:0, instance:TestNGPrograms.TestNGAannotations@6fe7aac8]" started-at="2024-06-10T16:12:36 IST" name="afterMethod" finished-at="2024-06-10T16:12:36 IST" duration-ms="1" status="PASS">
          <reporter-output>
          </reporter-output>
        </test-method> <!-- afterMethod -->
        <test-method is-config="true" signature="afterTest()[pri:0, instance:TestNGPrograms.TestNGAannotations@6fe7aac8]" started-at="2024-06-10T16:12:36 IST" name="afterTest" finished-at="2024-06-10T16:12:36 IST" duration-ms="0" status="PASS">
          <reporter-output>
          </reporter-output>
        </test-method> <!-- afterTest -->
        <test-method is-config="true" signature="afterClass()[pri:0, instance:TestNGPrograms.TestNGAannotations@6fe7aac8]" started-at="2024-06-10T16:12:36 IST" name="afterClass" finished-at="2024-06-10T16:12:36 IST" duration-ms="0" status="PASS">
          <reporter-output>
          </reporter-output>
        </test-method> <!-- afterClass -->
        <test-method is-config="true" signature="afterSuite()[pri:0, instance:TestNGPrograms.TestNGAannotations@6fe7aac8]" started-at="2024-06-10T16:12:36 IST" name="afterSuite" finished-at="2024-06-10T16:12:36 IST" duration-ms="1" status="PASS">
          <reporter-output>
          </reporter-output>
        </test-method> <!-- afterSuite -->
      </class> <!-- TestNGPrograms.TestNGAannotations -->
    </test> <!-- Test -->
  </suite> <!-- Suite -->
</testng-results>
